\BOOKMARK [0][-]{chapter.1}{Introduction}{}% 1
\BOOKMARK [1][-]{section.1.1}{Motivation}{chapter.1}% 2
\BOOKMARK [2][-]{subsection.1.1.1}{Potential applications}{section.1.1}% 3
\BOOKMARK [1][-]{section.1.2}{Challenges and Difficulties}{chapter.1}% 4
\BOOKMARK [2][-]{subsection.1.2.1}{Labeling cost}{section.1.2}% 5
\BOOKMARK [2][-]{subsection.1.2.2}{Context knowledge}{section.1.2}% 6
\BOOKMARK [1][-]{section.1.3}{Problem Statement}{chapter.1}% 7
\BOOKMARK [0][-]{chapter.2}{State of the Art}{}% 8
\BOOKMARK [1][-]{section.2.1}{Improving accuracy}{chapter.2}% 9
\BOOKMARK [2][-]{subsection.2.1.1}{Fully Convolutional Networks}{section.2.1}% 10
\BOOKMARK [1][-]{section.2.2}{Accuracy and resource efficiency}{chapter.2}% 11
\BOOKMARK [2][-]{subsection.2.2.1}{SegNet}{section.2.2}% 12
\BOOKMARK [2][-]{subsection.2.2.2}{ENet}{section.2.2}% 13
\BOOKMARK [2][-]{subsection.2.2.3}{ICNet}{section.2.2}% 14
\BOOKMARK [1][-]{section.2.3}{Compressing DCNNs}{chapter.2}% 15
\BOOKMARK [2][-]{subsection.2.3.1}{Pruning CNNs}{section.2.3}% 16
\BOOKMARK [2][-]{subsection.2.3.2}{Quantizing CNNs}{section.2.3}% 17
\BOOKMARK [0][-]{chapter.3}{Convolutional Neural Networks and Semantic Segmentation}{}% 18
\BOOKMARK [1][-]{section.3.1}{Artificial Neural Networks}{chapter.3}% 19
\BOOKMARK [1][-]{section.3.2}{Convolutional Neural Networks}{chapter.3}% 20
\BOOKMARK [2][-]{subsection.3.2.1}{CNN Architecture}{section.3.2}% 21
\BOOKMARK [1][-]{section.3.3}{CNNs for Semantic Segmentation}{chapter.3}% 22
\BOOKMARK [0][-]{chapter.4}{Methodology}{}% 23
\BOOKMARK [1][-]{section.4.1}{DeepLab}{chapter.4}% 24
\BOOKMARK [1][-]{section.4.2}{DeepLabv2}{chapter.4}% 25
\BOOKMARK [1][-]{section.4.3}{DeepLabv3}{chapter.4}% 26
\BOOKMARK [1][-]{section.4.4}{DeepLabv3+}{chapter.4}% 27
\BOOKMARK [1][-]{section.4.5}{MobileNetv2}{chapter.4}% 28
\BOOKMARK [1][-]{section.4.6}{Xception}{chapter.4}% 29
\BOOKMARK [1][-]{section.4.7}{Quantization}{chapter.4}% 30
\BOOKMARK [0][-]{chapter.5}{Dataset creation}{}% 31
\BOOKMARK [1][-]{section.5.1}{Overview of the dataset}{chapter.5}% 32
\BOOKMARK [1][-]{section.5.2}{Artificial image generation algorithm}{chapter.5}% 33
\BOOKMARK [2][-]{subsection.5.2.1}{Motivation}{section.5.2}% 34
\BOOKMARK [2][-]{subsection.5.2.2}{Process of artificial image generation}{section.5.2}% 35
\BOOKMARK [2][-]{subsection.5.2.3}{Generator options}{section.5.2}% 36
\BOOKMARK [2][-]{subsection.5.2.4}{Sample results}{section.5.2}% 37
\BOOKMARK [2][-]{subsection.5.2.5}{Downloading background images}{section.5.2}% 38
\BOOKMARK [2][-]{subsection.5.2.6}{Notable features of the artificial image generator}{section.5.2}% 39
\BOOKMARK [2][-]{subsection.5.2.7}{Artificial images for each dataset split}{section.5.2}% 40
\BOOKMARK [1][-]{section.5.3}{Creation of dataset variants}{chapter.5}% 41
\BOOKMARK [2][-]{subsection.5.3.1}{Motivation}{section.5.3}% 42
\BOOKMARK [2][-]{subsection.5.3.2}{Dataset variants}{section.5.3}% 43
\BOOKMARK [2][-]{subsection.5.3.3}{White backgrounds dataset}{section.5.3}% 44
\BOOKMARK [1][-]{section.5.4}{Data analysis}{chapter.5}% 45
\BOOKMARK [2][-]{subsection.5.4.1}{Surface area of the objects}{section.5.4}% 46
\BOOKMARK [2][-]{subsection.5.4.2}{Percentage of pixels and class count}{section.5.4}% 47
\BOOKMARK [1][-]{section.5.5}{Meta-data of the dataset}{chapter.5}% 48
\BOOKMARK [1][-]{section.5.6}{Possible directions of improvement}{chapter.5}% 49
\BOOKMARK [0][-]{chapter.6}{Experimental Evaluation}{}% 50
\BOOKMARK [1][-]{section.6.1}{About the metrics}{chapter.6}% 51
\BOOKMARK [1][-]{section.6.2}{Comparing dataset variants}{chapter.6}% 52
\BOOKMARK [1][-]{section.6.3}{Comparing DeepLabv3+ backbones}{chapter.6}% 53
\BOOKMARK [1][-]{section.6.4}{Training with different data}{chapter.6}% 54
\BOOKMARK [1][-]{section.6.5}{Comparing individual classes}{chapter.6}% 55
\BOOKMARK [2][-]{subsection.6.5.1}{Confusion matrix}{section.6.5}% 56
\BOOKMARK [2][-]{subsection.6.5.2}{Class IOUs}{section.6.5}% 57
\BOOKMARK [1][-]{section.6.6}{Comparing learning rate policies}{chapter.6}% 58
\BOOKMARK [1][-]{section.6.7}{Effects of class balancing}{chapter.6}% 59
\BOOKMARK [1][-]{section.6.8}{Effects of quantizing the inference graph}{chapter.6}% 60
\BOOKMARK [1][-]{section.6.9}{Discussions}{chapter.6}% 61
\BOOKMARK [0][-]{chapter.7}{Conclusions}{}% 62
\BOOKMARK [1][-]{section.7.1}{Contributions}{chapter.7}% 63
\BOOKMARK [1][-]{section.7.2}{Lessons learned}{chapter.7}% 64
\BOOKMARK [1][-]{section.7.3}{Future work}{chapter.7}% 65
\BOOKMARK [0][-]{Appendix.a.A}{Appendix Further details regarding the Dataset}{}% 66
\BOOKMARK [1][-]{section.a.A.1}{Annotation tools}{Appendix.a.A}% 67
\BOOKMARK [1][-]{section.a.A.2}{Description of the labeling process}{Appendix.a.A}% 68
\BOOKMARK [1][-]{section.a.A.3}{Search keywords for background images}{Appendix.a.A}% 69
\BOOKMARK [1][-]{section.a.A.4}{Generator option details}{Appendix.a.A}% 70
\BOOKMARK [0][-]{Appendix.a.B}{Appendix Sample predictions}{}% 71
\BOOKMARK [0][-]{Appendix.a.C}{Appendix Hyperparameters}{}% 72
\BOOKMARK [0][-]{table.caption.70}{References}{}% 73
